<?xml version="1.0" encoding="UTF-8"?>
<!-- Generated by org.testng.reporters.JUnitReportReporter -->
<testsuite skipped="0" hostname="ASI-1" name="com.crm.qa.testcases.HomePageTest" tests="3" failures="0" timestamp="21 Jan 2018 20:05:13 GMT" time="117.922" errors="0">
  <testcase name="verifyHomePageTitleTest" time="37.389" classname="com.crm.qa.testcases.HomePageTest"/>
  <testcase name="verifyUserNameTest" time="37.671" classname="com.crm.qa.testcases.HomePageTest"/>
  <testcase name="verifyContactsLinkTest" time="42.862" classname="com.crm.qa.testcases.HomePageTest"/>
</testsuite> <!-- com.crm.qa.testcases.HomePageTest -->
