<?xml version="1.0" encoding="UTF-8"?>
<!-- Generated by org.testng.reporters.JUnitReportReporter -->
<testsuite skipped="0" hostname="ASI-1" name="com.crm.qa.testcases.LoginPageTest" tests="3" failures="0" timestamp="21 Jan 2018 20:20:03 GMT" time="57.881" errors="0">
  <testcase name="loginPageTitleTest" time="8.182" classname="com.crm.qa.testcases.LoginPageTest"/>
  <testcase name="crmLogoImageTest" time="9.038" classname="com.crm.qa.testcases.LoginPageTest"/>
  <testcase name="loginTest" time="40.661" classname="com.crm.qa.testcases.LoginPageTest"/>
</testsuite> <!-- com.crm.qa.testcases.LoginPageTest -->
